<?xml version="1.0" encoding="UTF-8"?>
<!-- Generated by org.testng.reporters.JUnitReportReporter -->
<testsuite hostname="LAPTOP-RBJAAMOL" failures="0" tests="2" name="testRunner.Runner" time="26.159" errors="0" timestamp="2024-08-13T15:32:31 IST" skipped="0">
  <testcase classname="testRunner.Runner" name="runScenario" time="17.222"/>
  <system-out/>
  <testcase classname="testRunner.Runner" name="runScenario" time="8.937"/>
  <system-out/>
</testsuite> <!-- testRunner.Runner -->
