<?xml version="1.0" encoding="UTF-8"?>
<!-- Generated by org.testng.reporters.JUnitReportReporter -->
<testsuite hostname="LAPTOP-RBJAAMOL" failures="0" tests="6" name="testRunner.testRunner" time="126.360" errors="0" timestamp="2024-08-19T20:01:50 IST" skipped="0">
  <testcase classname="testRunner.testRunner" name="runScenario" time="5.727"/>
  <system-out/>
  <testcase classname="testRunner.testRunner" name="runScenario" time="31.333"/>
  <system-out/>
  <testcase classname="testRunner.testRunner" name="runScenario" time="12.080"/>
  <system-out/>
  <testcase classname="testRunner.testRunner" name="runScenario" time="23.852"/>
  <system-out/>
  <testcase classname="testRunner.testRunner" name="runScenario" time="31.739"/>
  <system-out/>
  <testcase classname="testRunner.testRunner" name="runScenario" time="21.629"/>
  <system-out/>
</testsuite> <!-- testRunner.testRunner -->
